[debug] [2024-05-17T08:38:40.212Z] ----------------------------------------------------------------------
[debug] [2024-05-17T08:38:40.213Z] Command:       C:\Program Files\nodejs\node.exe C:\Users\thijs\AppData\Roaming\npm\node_modules\firebase-tools\lib\bin\firebase.js init hosting
[debug] [2024-05-17T08:38:40.214Z] CLI Version:   13.9.0
[debug] [2024-05-17T08:38:40.214Z] Platform:      win32
[debug] [2024-05-17T08:38:40.214Z] Node Version:  v20.11.1
[debug] [2024-05-17T08:38:40.214Z] Time:          Fri May 17 2024 10:38:40 GMT+0200 (Central European Summer Time)
[debug] [2024-05-17T08:38:40.214Z] ----------------------------------------------------------------------
[debug] 
[debug] [2024-05-17T08:38:40.222Z] > command requires scopes: ["email","openid","https://www.googleapis.com/auth/cloudplatformprojects.readonly","https://www.googleapis.com/auth/firebase","https://www.googleapis.com/auth/cloud-platform"]
[debug] [2024-05-17T08:38:40.222Z] > authorizing via signed-in user (thijsweijers2002@gmail.com)
[info] 
     ######## #### ########  ######## ########     ###     ######  ########
     ##        ##  ##     ## ##       ##     ##  ##   ##  ##       ##
     ######    ##  ########  ######   ########  #########  ######  ######
     ##        ##  ##    ##  ##       ##     ## ##     ##       ## ##
     ##       #### ##     ## ######## ########  ##     ##  ######  ########

You're about to initialize a Firebase project in this directory:

  C:\Users\thijs\OneDrive\projects\scoreboard2

[info] 
=== Project Setup
[info] 
[info] First, let's associate this project directory with a Firebase project.
[info] You can create multiple project aliases by running firebase use --add, 
[info] but for now we'll just set up a default project.
[info] 
[debug] [2024-05-17T08:38:51.249Z] > refreshing access token with scopes: []
[debug] [2024-05-17T08:38:51.250Z] >>> [apiv2][query] POST https://www.googleapis.com/oauth2/v3/token [none]
[debug] [2024-05-17T08:38:51.250Z] >>> [apiv2][body] POST https://www.googleapis.com/oauth2/v3/token [omitted]
[debug] [2024-05-17T08:38:51.963Z] <<< [apiv2][status] POST https://www.googleapis.com/oauth2/v3/token 200
[debug] [2024-05-17T08:38:51.963Z] <<< [apiv2][body] POST https://www.googleapis.com/oauth2/v3/token [omitted]
[debug] [2024-05-17T08:38:51.968Z] >>> [apiv2][query] GET https://firebase.googleapis.com/v1beta1/projects pageSize=100
[debug] [2024-05-17T08:38:52.847Z] <<< [apiv2][status] GET https://firebase.googleapis.com/v1beta1/projects 200
[debug] [2024-05-17T08:38:52.847Z] <<< [apiv2][body] GET https://firebase.googleapis.com/v1beta1/projects [omitted]
[info] i  Using project scoreboard-2-f45f3 (Scoreboard-2) 
[info] 
=== Hosting Setup
[debug] [2024-05-17T08:38:56.886Z] >>> [apiv2][query] GET https://firebase.googleapis.com/v1beta1/projects/scoreboard-2-f45f3 [none]
[debug] [2024-05-17T08:38:57.266Z] <<< [apiv2][status] GET https://firebase.googleapis.com/v1beta1/projects/scoreboard-2-f45f3 200
[debug] [2024-05-17T08:38:57.267Z] <<< [apiv2][body] GET https://firebase.googleapis.com/v1beta1/projects/scoreboard-2-f45f3 {"projectId":"scoreboard-2-f45f3","projectNumber":"568362728253","displayName":"Scoreboard-2","name":"projects/scoreboard-2-f45f3","resources":{"hostingSite":"scoreboard-2-f45f3"},"state":"ACTIVE","etag":"1_448a3d15-639c-464d-bf13-130155283118"}
